<?xml version="1.0" encoding="UTF-8"?>
<!-- Generated by org.testng.reporters.JUnitReportReporter -->
<testsuite hostname="DESKTOP-LC1C8KI" failures="0" tests="3" name="com.janitri.tests.LoginPageTest" time="12.587" errors="0" timestamp="2025-08-06T16:28:06 IST" skipped="0">
  <testcase classname="com.janitri.tests.LoginPageTest" name="testInvalidLoginShowsErrorMsg" time="5.112"/>
  <system-out/>
  <testcase classname="com.janitri.tests.LoginPageTest" name="testInvalidLoginWithEmptyFieldsShowsError" time="3.706"/>
  <system-out/>
  <testcase classname="com.janitri.tests.LoginPageTest" name="testPasswordMaskedButton" time="3.769"/>
  <system-out/>
</testsuite> <!-- com.janitri.tests.LoginPageTest -->
